<?xml version="1.0" encoding="UTF-8"?>
<!-- Generated by org.testng.reporters.JUnitReportReporter -->
<testsuite hostname="CDC2-D-4TLNX52" name="TestPackage.NewTest" tests="1" failures="0" timestamp="30 Mar 2018 06:57:42 GMT" time="28.772" errors="0">
  <testcase name="testEasy" time="28.772" classname="TestPackage.NewTest"/>
</testsuite> <!-- TestPackage.NewTest -->
