<?xml version="1.0" encoding="UTF-8"?>
<!-- Generated by org.testng.reporters.JUnitReportReporter -->
<testsuite hostname="CDC2-D-4TLNX52" name="TestPackage.NewTest" tests="1" failures="0" timestamp="30 Mar 2018 07:27:45 GMT" time="14.683" errors="0">
  <testcase name="testEasy" time="14.683" classname="TestPackage.NewTest"/>
</testsuite> <!-- TestPackage.NewTest -->
